ERROR - 2017-04-23T04:15:22-04:00 - exception 'RuntimeException' with message 'Attempted to load new record post-insert with empty result. Lookup via row id: ' in /Users/mathijs/Documents/Websites/www.fullstack.dev/cms/vendor/directus/database/TableGateway/RelationalTableGateway.php:180
Stack trace:
#0 /Users/mathijs/Documents/Websites/www.fullstack.dev/cms/api/core/Directus/Services/EntriesService.php(32): Directus\Database\TableGateway\RelationalTableGateway->manageRecordUpdate('frameworks', Array, 1)
#1 /Users/mathijs/Documents/Websites/www.fullstack.dev/cms/api/routes/A1/Entries.php(24): Directus\Services\EntriesService->createEntry('frameworks', Array, Array)
#2 [internal function]: Directus\API\Routes\A1\Entries->rows('frameworks')
#3 /Users/mathijs/Documents/Websites/www.fullstack.dev/cms/vendor/slim/slim/Slim/Route.php(436): call_user_func_array(Array, Array)
#4 /Users/mathijs/Documents/Websites/www.fullstack.dev/cms/vendor/slim/slim/Slim/Slim.php(1305): Slim\Route->dispatch()
#5 /Users/mathijs/Documents/Websites/www.fullstack.dev/cms/vendor/slim/slim/Slim/Middleware/Flash.php(85): Slim\Slim->call()
#6 /Users/mathijs/Documents/Websites/www.fullstack.dev/cms/vendor/slim/slim/Slim/Middleware/MethodOverride.php(92): Slim\Middleware\Flash->call()
#7 /Users/mathijs/Documents/Websites/www.fullstack.dev/cms/api/core/Directus/Slim/CorsMiddleware.php(22): Slim\Middleware\MethodOverride->call()
#8 /Users/mathijs/Documents/Websites/www.fullstack.dev/cms/vendor/slim/slim/Slim/Slim.php(1254): Directus\Slim\CorsMiddleware->call()
#9 /Users/mathijs/Documents/Websites/www.fullstack.dev/cms/api/core/Directus/Application/Application.php(80): Slim\Slim->run()
#10 /Users/mathijs/Documents/Websites/www.fullstack.dev/cms/api/api.php(1933): Directus\Application\Application->run()
#11 {main}
ERROR - 2017-04-23T04:16:13-04:00 - exception 'RuntimeException' with message 'Attempted to load new record post-insert with empty result. Lookup via row id: ' in /Users/mathijs/Documents/Websites/www.fullstack.dev/cms/vendor/directus/database/TableGateway/RelationalTableGateway.php:180
Stack trace:
#0 /Users/mathijs/Documents/Websites/www.fullstack.dev/cms/api/core/Directus/Services/EntriesService.php(32): Directus\Database\TableGateway\RelationalTableGateway->manageRecordUpdate('frameworks', Array, 1)
#1 /Users/mathijs/Documents/Websites/www.fullstack.dev/cms/api/routes/A1/Entries.php(24): Directus\Services\EntriesService->createEntry('frameworks', Array, Array)
#2 [internal function]: Directus\API\Routes\A1\Entries->rows('frameworks')
#3 /Users/mathijs/Documents/Websites/www.fullstack.dev/cms/vendor/slim/slim/Slim/Route.php(436): call_user_func_array(Array, Array)
#4 /Users/mathijs/Documents/Websites/www.fullstack.dev/cms/vendor/slim/slim/Slim/Slim.php(1305): Slim\Route->dispatch()
#5 /Users/mathijs/Documents/Websites/www.fullstack.dev/cms/vendor/slim/slim/Slim/Middleware/Flash.php(85): Slim\Slim->call()
#6 /Users/mathijs/Documents/Websites/www.fullstack.dev/cms/vendor/slim/slim/Slim/Middleware/MethodOverride.php(92): Slim\Middleware\Flash->call()
#7 /Users/mathijs/Documents/Websites/www.fullstack.dev/cms/api/core/Directus/Slim/CorsMiddleware.php(22): Slim\Middleware\MethodOverride->call()
#8 /Users/mathijs/Documents/Websites/www.fullstack.dev/cms/vendor/slim/slim/Slim/Slim.php(1254): Directus\Slim\CorsMiddleware->call()
#9 /Users/mathijs/Documents/Websites/www.fullstack.dev/cms/api/core/Directus/Application/Application.php(80): Slim\Slim->run()
#10 /Users/mathijs/Documents/Websites/www.fullstack.dev/cms/api/api.php(1933): Directus\Application\Application->run()
#11 {main}
ERROR - 2017-04-23T04:17:45-04:00 - exception 'RuntimeException' with message 'Attempted to load new record post-insert with empty result. Lookup via row id: ' in /Users/mathijs/Documents/Websites/www.fullstack.dev/cms/vendor/directus/database/TableGateway/RelationalTableGateway.php:180
Stack trace:
#0 /Users/mathijs/Documents/Websites/www.fullstack.dev/cms/api/core/Directus/Services/EntriesService.php(32): Directus\Database\TableGateway\RelationalTableGateway->manageRecordUpdate('frameworks', Array, 1)
#1 /Users/mathijs/Documents/Websites/www.fullstack.dev/cms/api/routes/A1/Entries.php(24): Directus\Services\EntriesService->createEntry('frameworks', Array, Array)
#2 [internal function]: Directus\API\Routes\A1\Entries->rows('frameworks')
#3 /Users/mathijs/Documents/Websites/www.fullstack.dev/cms/vendor/slim/slim/Slim/Route.php(436): call_user_func_array(Array, Array)
#4 /Users/mathijs/Documents/Websites/www.fullstack.dev/cms/vendor/slim/slim/Slim/Slim.php(1305): Slim\Route->dispatch()
#5 /Users/mathijs/Documents/Websites/www.fullstack.dev/cms/vendor/slim/slim/Slim/Middleware/Flash.php(85): Slim\Slim->call()
#6 /Users/mathijs/Documents/Websites/www.fullstack.dev/cms/vendor/slim/slim/Slim/Middleware/MethodOverride.php(92): Slim\Middleware\Flash->call()
#7 /Users/mathijs/Documents/Websites/www.fullstack.dev/cms/api/core/Directus/Slim/CorsMiddleware.php(22): Slim\Middleware\MethodOverride->call()
#8 /Users/mathijs/Documents/Websites/www.fullstack.dev/cms/vendor/slim/slim/Slim/Slim.php(1254): Directus\Slim\CorsMiddleware->call()
#9 /Users/mathijs/Documents/Websites/www.fullstack.dev/cms/api/core/Directus/Application/Application.php(80): Slim\Slim->run()
#10 /Users/mathijs/Documents/Websites/www.fullstack.dev/cms/api/api.php(1933): Directus\Application\Application->run()
#11 {main}
ERROR - 2017-04-23T04:18:44-04:00 - exception 'RuntimeException' with message 'Attempted to load new record post-insert with empty result. Lookup via row id: ' in /Users/mathijs/Documents/Websites/www.fullstack.dev/cms/vendor/directus/database/TableGateway/RelationalTableGateway.php:180
Stack trace:
#0 /Users/mathijs/Documents/Websites/www.fullstack.dev/cms/api/core/Directus/Services/EntriesService.php(32): Directus\Database\TableGateway\RelationalTableGateway->manageRecordUpdate('frameworks', Array, 1)
#1 /Users/mathijs/Documents/Websites/www.fullstack.dev/cms/api/routes/A1/Entries.php(24): Directus\Services\EntriesService->createEntry('frameworks', Array, Array)
#2 [internal function]: Directus\API\Routes\A1\Entries->rows('frameworks')
#3 /Users/mathijs/Documents/Websites/www.fullstack.dev/cms/vendor/slim/slim/Slim/Route.php(436): call_user_func_array(Array, Array)
#4 /Users/mathijs/Documents/Websites/www.fullstack.dev/cms/vendor/slim/slim/Slim/Slim.php(1305): Slim\Route->dispatch()
#5 /Users/mathijs/Documents/Websites/www.fullstack.dev/cms/vendor/slim/slim/Slim/Middleware/Flash.php(85): Slim\Slim->call()
#6 /Users/mathijs/Documents/Websites/www.fullstack.dev/cms/vendor/slim/slim/Slim/Middleware/MethodOverride.php(92): Slim\Middleware\Flash->call()
#7 /Users/mathijs/Documents/Websites/www.fullstack.dev/cms/api/core/Directus/Slim/CorsMiddleware.php(22): Slim\Middleware\MethodOverride->call()
#8 /Users/mathijs/Documents/Websites/www.fullstack.dev/cms/vendor/slim/slim/Slim/Slim.php(1254): Directus\Slim\CorsMiddleware->call()
#9 /Users/mathijs/Documents/Websites/www.fullstack.dev/cms/api/core/Directus/Application/Application.php(80): Slim\Slim->run()
#10 /Users/mathijs/Documents/Websites/www.fullstack.dev/cms/api/api.php(1933): Directus\Application\Application->run()
#11 {main}
ERROR - 2017-04-23T04:19:03-04:00 - exception 'RuntimeException' with message 'Attempted to load new record post-insert with empty result. Lookup via row id: ' in /Users/mathijs/Documents/Websites/www.fullstack.dev/cms/vendor/directus/database/TableGateway/RelationalTableGateway.php:180
Stack trace:
#0 /Users/mathijs/Documents/Websites/www.fullstack.dev/cms/api/core/Directus/Services/EntriesService.php(32): Directus\Database\TableGateway\RelationalTableGateway->manageRecordUpdate('frameworks', Array, 1)
#1 /Users/mathijs/Documents/Websites/www.fullstack.dev/cms/api/routes/A1/Entries.php(24): Directus\Services\EntriesService->createEntry('frameworks', Array, Array)
#2 [internal function]: Directus\API\Routes\A1\Entries->rows('frameworks')
#3 /Users/mathijs/Documents/Websites/www.fullstack.dev/cms/vendor/slim/slim/Slim/Route.php(436): call_user_func_array(Array, Array)
#4 /Users/mathijs/Documents/Websites/www.fullstack.dev/cms/vendor/slim/slim/Slim/Slim.php(1305): Slim\Route->dispatch()
#5 /Users/mathijs/Documents/Websites/www.fullstack.dev/cms/vendor/slim/slim/Slim/Middleware/Flash.php(85): Slim\Slim->call()
#6 /Users/mathijs/Documents/Websites/www.fullstack.dev/cms/vendor/slim/slim/Slim/Middleware/MethodOverride.php(92): Slim\Middleware\Flash->call()
#7 /Users/mathijs/Documents/Websites/www.fullstack.dev/cms/api/core/Directus/Slim/CorsMiddleware.php(22): Slim\Middleware\MethodOverride->call()
#8 /Users/mathijs/Documents/Websites/www.fullstack.dev/cms/vendor/slim/slim/Slim/Slim.php(1254): Directus\Slim\CorsMiddleware->call()
#9 /Users/mathijs/Documents/Websites/www.fullstack.dev/cms/api/core/Directus/Application/Application.php(80): Slim\Slim->run()
#10 /Users/mathijs/Documents/Websites/www.fullstack.dev/cms/api/api.php(1933): Directus\Application\Application->run()
#11 {main}
ERROR - 2017-04-23T04:19:15-04:00 - exception 'RuntimeException' with message 'Attempted to load new record post-insert with empty result. Lookup via row id: ' in /Users/mathijs/Documents/Websites/www.fullstack.dev/cms/vendor/directus/database/TableGateway/RelationalTableGateway.php:180
Stack trace:
#0 /Users/mathijs/Documents/Websites/www.fullstack.dev/cms/api/core/Directus/Services/EntriesService.php(32): Directus\Database\TableGateway\RelationalTableGateway->manageRecordUpdate('frameworks', Array, 1)
#1 /Users/mathijs/Documents/Websites/www.fullstack.dev/cms/api/routes/A1/Entries.php(24): Directus\Services\EntriesService->createEntry('frameworks', Array, Array)
#2 [internal function]: Directus\API\Routes\A1\Entries->rows('frameworks')
#3 /Users/mathijs/Documents/Websites/www.fullstack.dev/cms/vendor/slim/slim/Slim/Route.php(436): call_user_func_array(Array, Array)
#4 /Users/mathijs/Documents/Websites/www.fullstack.dev/cms/vendor/slim/slim/Slim/Slim.php(1305): Slim\Route->dispatch()
#5 /Users/mathijs/Documents/Websites/www.fullstack.dev/cms/vendor/slim/slim/Slim/Middleware/Flash.php(85): Slim\Slim->call()
#6 /Users/mathijs/Documents/Websites/www.fullstack.dev/cms/vendor/slim/slim/Slim/Middleware/MethodOverride.php(92): Slim\Middleware\Flash->call()
#7 /Users/mathijs/Documents/Websites/www.fullstack.dev/cms/api/core/Directus/Slim/CorsMiddleware.php(22): Slim\Middleware\MethodOverride->call()
#8 /Users/mathijs/Documents/Websites/www.fullstack.dev/cms/vendor/slim/slim/Slim/Slim.php(1254): Directus\Slim\CorsMiddleware->call()
#9 /Users/mathijs/Documents/Websites/www.fullstack.dev/cms/api/core/Directus/Application/Application.php(80): Slim\Slim->run()
#10 /Users/mathijs/Documents/Websites/www.fullstack.dev/cms/api/api.php(1933): Directus\Application\Application->run()
#11 {main}
ERROR - 2017-04-23T04:19:33-04:00 - exception 'RuntimeException' with message 'Attempted to load new record post-insert with empty result. Lookup via row id: ' in /Users/mathijs/Documents/Websites/www.fullstack.dev/cms/vendor/directus/database/TableGateway/RelationalTableGateway.php:180
Stack trace:
#0 /Users/mathijs/Documents/Websites/www.fullstack.dev/cms/api/core/Directus/Services/EntriesService.php(32): Directus\Database\TableGateway\RelationalTableGateway->manageRecordUpdate('frameworks', Array, 1)
#1 /Users/mathijs/Documents/Websites/www.fullstack.dev/cms/api/routes/A1/Entries.php(24): Directus\Services\EntriesService->createEntry('frameworks', Array, Array)
#2 [internal function]: Directus\API\Routes\A1\Entries->rows('frameworks')
#3 /Users/mathijs/Documents/Websites/www.fullstack.dev/cms/vendor/slim/slim/Slim/Route.php(436): call_user_func_array(Array, Array)
#4 /Users/mathijs/Documents/Websites/www.fullstack.dev/cms/vendor/slim/slim/Slim/Slim.php(1305): Slim\Route->dispatch()
#5 /Users/mathijs/Documents/Websites/www.fullstack.dev/cms/vendor/slim/slim/Slim/Middleware/Flash.php(85): Slim\Slim->call()
#6 /Users/mathijs/Documents/Websites/www.fullstack.dev/cms/vendor/slim/slim/Slim/Middleware/MethodOverride.php(92): Slim\Middleware\Flash->call()
#7 /Users/mathijs/Documents/Websites/www.fullstack.dev/cms/api/core/Directus/Slim/CorsMiddleware.php(22): Slim\Middleware\MethodOverride->call()
#8 /Users/mathijs/Documents/Websites/www.fullstack.dev/cms/vendor/slim/slim/Slim/Slim.php(1254): Directus\Slim\CorsMiddleware->call()
#9 /Users/mathijs/Documents/Websites/www.fullstack.dev/cms/api/core/Directus/Application/Application.php(80): Slim\Slim->run()
#10 /Users/mathijs/Documents/Websites/www.fullstack.dev/cms/api/api.php(1933): Directus\Application\Application->run()
#11 {main}
